\BOOKMARK [0][-]{chapter.1}{\376\377\0001\000\040\000C\000l\000a\000s\000s\000\040\000I\000n\000d\000e\000x}{}% 1
\BOOKMARK [1][-]{section.1.1}{\376\377\0001\000.\0001\000\040\000C\000l\000a\000s\000s\000\040\000L\000i\000s\000t}{chapter.1}% 2
\BOOKMARK [0][-]{chapter.2}{\376\377\0002\000\040\000F\000i\000l\000e\000\040\000I\000n\000d\000e\000x}{}% 3
\BOOKMARK [1][-]{section.2.1}{\376\377\0002\000.\0001\000\040\000F\000i\000l\000e\000\040\000L\000i\000s\000t}{chapter.2}% 4
\BOOKMARK [0][-]{chapter.3}{\376\377\0003\000\040\000C\000l\000a\000s\000s\000\040\000D\000o\000c\000u\000m\000e\000n\000t\000a\000t\000i\000o\000n}{}% 5
\BOOKMARK [1][-]{section.3.1}{\376\377\0003\000.\0001\000\040\000k\000m\000\137\000c\000o\000m\000s\000\137\000m\000s\000g\000\040\000S\000t\000r\000u\000c\000t\000\040\000R\000e\000f\000e\000r\000e\000n\000c\000e}{chapter.3}% 6
\BOOKMARK [2][-]{subsection.3.1.1}{\376\377\0003\000.\0001\000.\0001\000\040\000D\000e\000t\000a\000i\000l\000e\000d\000\040\000D\000e\000s\000c\000r\000i\000p\000t\000i\000o\000n}{section.3.1}% 7
\BOOKMARK [2][-]{subsection.3.1.2}{\376\377\0003\000.\0001\000.\0002\000\040\000M\000e\000m\000b\000e\000r\000\040\000D\000a\000t\000a\000\040\000D\000o\000c\000u\000m\000e\000n\000t\000a\000t\000i\000o\000n}{section.3.1}% 8
\BOOKMARK [3][-]{subsubsection.3.1.2.1}{\376\377\0003\000.\0001\000.\0002\000.\0001\000\040\000c\000r\000c}{subsection.3.1.2}% 9
\BOOKMARK [3][-]{subsubsection.3.1.2.2}{\376\377\0003\000.\0001\000.\0002\000.\0002\000\040\000l\000e\000n}{subsection.3.1.2}% 10
\BOOKMARK [3][-]{subsubsection.3.1.2.3}{\376\377\0003\000.\0001\000.\0002\000.\0003\000\040\000p\000a\000y\000l\000o\000a\000d}{subsection.3.1.2}% 11
\BOOKMARK [3][-]{subsubsection.3.1.2.4}{\376\377\0003\000.\0001\000.\0002\000.\0004\000\040\000t\000y\000p\000e}{subsection.3.1.2}% 12
\BOOKMARK [1][-]{section.3.2}{\376\377\0003\000.\0002\000\040\000P\000I\000D\000\137\000C\000o\000n\000t\000r\000o\000l\000l\000e\000r\000\040\000S\000t\000r\000u\000c\000t\000\040\000R\000e\000f\000e\000r\000e\000n\000c\000e}{chapter.3}% 13
\BOOKMARK [2][-]{subsection.3.2.1}{\376\377\0003\000.\0002\000.\0001\000\040\000D\000e\000t\000a\000i\000l\000e\000d\000\040\000D\000e\000s\000c\000r\000i\000p\000t\000i\000o\000n}{section.3.2}% 14
\BOOKMARK [2][-]{subsection.3.2.2}{\376\377\0003\000.\0002\000.\0002\000\040\000M\000e\000m\000b\000e\000r\000\040\000D\000a\000t\000a\000\040\000D\000o\000c\000u\000m\000e\000n\000t\000a\000t\000i\000o\000n}{section.3.2}% 15
\BOOKMARK [3][-]{subsubsection.3.2.2.1}{\376\377\0003\000.\0002\000.\0002\000.\0001\000\040\000i\000n\000t\000e\000g\000r\000a\000l}{subsection.3.2.2}% 16
\BOOKMARK [3][-]{subsubsection.3.2.2.2}{\376\377\0003\000.\0002\000.\0002\000.\0002\000\040\000i\000n\000t\000e\000g\000r\000a\000l\000M\000a\000x}{subsection.3.2.2}% 17
\BOOKMARK [3][-]{subsubsection.3.2.2.3}{\376\377\0003\000.\0002\000.\0002\000.\0003\000\040\000i\000n\000t\000e\000g\000r\000a\000l\000M\000i\000n}{subsection.3.2.2}% 18
\BOOKMARK [3][-]{subsubsection.3.2.2.4}{\376\377\0003\000.\0002\000.\0002\000.\0004\000\040\000k\000d}{subsection.3.2.2}% 19
\BOOKMARK [3][-]{subsubsection.3.2.2.5}{\376\377\0003\000.\0002\000.\0002\000.\0005\000\040\000k\000i}{subsection.3.2.2}% 20
\BOOKMARK [3][-]{subsubsection.3.2.2.6}{\376\377\0003\000.\0002\000.\0002\000.\0006\000\040\000k\000p}{subsection.3.2.2}% 21
\BOOKMARK [3][-]{subsubsection.3.2.2.7}{\376\377\0003\000.\0002\000.\0002\000.\0007\000\040\000l\000a\000s\000t\000E\000r\000r\000o\000r}{subsection.3.2.2}% 22
\BOOKMARK [3][-]{subsubsection.3.2.2.8}{\376\377\0003\000.\0002\000.\0002\000.\0008\000\040\000l\000a\000s\000t\000T\000i\000m\000e}{subsection.3.2.2}% 23
\BOOKMARK [3][-]{subsubsection.3.2.2.9}{\376\377\0003\000.\0002\000.\0002\000.\0009\000\040\000o\000u\000t\000p\000u\000t\000M\000a\000x}{subsection.3.2.2}% 24
\BOOKMARK [3][-]{subsubsection.3.2.2.10}{\376\377\0003\000.\0002\000.\0002\000.\0001\0000\000\040\000o\000u\000t\000p\000u\000t\000M\000i\000n}{subsection.3.2.2}% 25
\BOOKMARK [1][-]{section.3.3}{\376\377\0003\000.\0003\000\040\000R\000T\000O\000S\000\137\000T\000a\000s\000k\000\040\000S\000t\000r\000u\000c\000t\000\040\000R\000e\000f\000e\000r\000e\000n\000c\000e}{chapter.3}% 26
\BOOKMARK [2][-]{subsection.3.3.1}{\376\377\0003\000.\0003\000.\0001\000\040\000D\000e\000t\000a\000i\000l\000e\000d\000\040\000D\000e\000s\000c\000r\000i\000p\000t\000i\000o\000n}{section.3.3}% 27
\BOOKMARK [2][-]{subsection.3.3.2}{\376\377\0003\000.\0003\000.\0002\000\040\000M\000e\000m\000b\000e\000r\000\040\000D\000a\000t\000a\000\040\000D\000o\000c\000u\000m\000e\000n\000t\000a\000t\000i\000o\000n}{section.3.3}% 28
\BOOKMARK [3][-]{subsubsection.3.3.2.1}{\376\377\0003\000.\0003\000.\0002\000.\0001\000\040\000a\000c\000t\000i\000v\000e}{subsection.3.3.2}% 29
\BOOKMARK [3][-]{subsubsection.3.3.2.2}{\376\377\0003\000.\0003\000.\0002\000.\0002\000\040\000c\000o\000n\000t\000e\000x\000t}{subsection.3.3.2}% 30
\BOOKMARK [3][-]{subsubsection.3.3.2.3}{\376\377\0003\000.\0003\000.\0002\000.\0003\000\040\000h\000a\000n\000d\000l\000e}{subsection.3.3.2}% 31
\BOOKMARK [3][-]{subsubsection.3.3.2.4}{\376\377\0003\000.\0003\000.\0002\000.\0004\000\040\000n\000a\000m\000e}{subsection.3.3.2}% 32
\BOOKMARK [3][-]{subsubsection.3.3.2.5}{\376\377\0003\000.\0003\000.\0002\000.\0005\000\040\000p\000e\000r\000i\000o\000d\000\137\000m\000s}{subsection.3.3.2}% 33
\BOOKMARK [3][-]{subsubsection.3.3.2.6}{\376\377\0003\000.\0003\000.\0002\000.\0006\000\040\000p\000r\000i\000o\000r\000i\000t\000y}{subsection.3.3.2}% 34
\BOOKMARK [3][-]{subsubsection.3.3.2.7}{\376\377\0003\000.\0003\000.\0002\000.\0007\000\040\000s\000t\000a\000c\000k\000S\000i\000z\000e}{subsection.3.3.2}% 35
\BOOKMARK [3][-]{subsubsection.3.3.2.8}{\376\377\0003\000.\0003\000.\0002\000.\0008\000\040\000t\000a\000s\000k\000F\000n}{subsection.3.3.2}% 36
\BOOKMARK [1][-]{section.3.4}{\376\377\0003\000.\0004\000\040\000s\000e\000n\000s\000o\000r\000\137\000s\000t\000r\000u\000c\000t\000\040\000S\000t\000r\000u\000c\000t\000\040\000R\000e\000f\000e\000r\000e\000n\000c\000e}{chapter.3}% 37
\BOOKMARK [2][-]{subsection.3.4.1}{\376\377\0003\000.\0004\000.\0001\000\040\000D\000e\000t\000a\000i\000l\000e\000d\000\040\000D\000e\000s\000c\000r\000i\000p\000t\000i\000o\000n}{section.3.4}% 38
\BOOKMARK [2][-]{subsection.3.4.2}{\376\377\0003\000.\0004\000.\0002\000\040\000M\000e\000m\000b\000e\000r\000\040\000D\000a\000t\000a\000\040\000D\000o\000c\000u\000m\000e\000n\000t\000a\000t\000i\000o\000n}{section.3.4}% 39
\BOOKMARK [3][-]{subsubsection.3.4.2.1}{\376\377\0003\000.\0004\000.\0002\000.\0001\000\040\000c\000e\000n\000t\000e\000r\000O\000f\000f\000s\000e\000t}{subsection.3.4.2}% 40
\BOOKMARK [3][-]{subsubsection.3.4.2.2}{\376\377\0003\000.\0004\000.\0002\000.\0002\000\040\000c\000o\000n\000n\000e\000c\000t\000e\000d}{subsection.3.4.2}% 41
\BOOKMARK [3][-]{subsubsection.3.4.2.3}{\376\377\0003\000.\0004\000.\0002\000.\0003\000\040\000e\000r\000r\000o\000r\000C\000o\000u\000n\000t}{subsection.3.4.2}% 42
\BOOKMARK [3][-]{subsubsection.3.4.2.4}{\376\377\0003\000.\0004\000.\0002\000.\0004\000\040\000l\000a\000s\000t\000R\000a\000w\000V\000a\000l\000u\000e}{subsection.3.4.2}% 43
\BOOKMARK [3][-]{subsubsection.3.4.2.5}{\376\377\0003\000.\0004\000.\0002\000.\0005\000\040\000l\000a\000s\000t\000R\000e\000a\000d\000T\000i\000m\000e}{subsection.3.4.2}% 44
\BOOKMARK [3][-]{subsubsection.3.4.2.6}{\376\377\0003\000.\0004\000.\0002\000.\0006\000\040\000m\000a\000x\000\137\000e\000r\000r\000o\000r\000\137\000c\000o\000u\000n\000t}{subsection.3.4.2}% 45
\BOOKMARK [0][-]{chapter.4}{\376\377\0004\000\040\000F\000i\000l\000e\000\040\000D\000o\000c\000u\000m\000e\000n\000t\000a\000t\000i\000o\000n}{}% 46
\BOOKMARK [1][-]{section.4.1}{\376\377\0004\000.\0001\000\040\000k\000m\000\137\000c\000o\000m\000s\000.\000c\000\040\000F\000i\000l\000e\000\040\000R\000e\000f\000e\000r\000e\000n\000c\000e}{chapter.4}% 47
\BOOKMARK [2][-]{subsection.4.1.1}{\376\377\0004\000.\0001\000.\0001\000\040\000M\000a\000c\000r\000o\000\040\000D\000e\000f\000i\000n\000i\000t\000i\000o\000n\000\040\000D\000o\000c\000u\000m\000e\000n\000t\000a\000t\000i\000o\000n}{section.4.1}% 48
\BOOKMARK [3][-]{subsubsection.4.1.1.1}{\376\377\0004\000.\0001\000.\0001\000.\0001\000\040\000K\000M\000\137\000C\000O\000M\000S\000\137\000W\000A\000I\000T\000\137\000S\000E\000M\000\137\000A\000V\000A\000I\000L\000A\000B\000L\000E}{subsection.4.1.1}% 49
\BOOKMARK [2][-]{subsection.4.1.2}{\376\377\0004\000.\0001\000.\0002\000\040\000F\000u\000n\000c\000t\000i\000o\000n\000\040\000D\000o\000c\000u\000m\000e\000n\000t\000a\000t\000i\000o\000n}{section.4.1}% 50
\BOOKMARK [3][-]{subsubsection.4.1.2.1}{\376\377\0004\000.\0001\000.\0002\000.\0001\000\040\000K\000M\000\137\000C\000O\000M\000S\000\137\000c\000r\000c\0008\000\050\000\051}{subsection.4.1.2}% 51
\BOOKMARK [3][-]{subsubsection.4.1.2.2}{\376\377\0004\000.\0001\000.\0002\000.\0002\000\040\000K\000M\000\137\000C\000O\000M\000S\000\137\000I\000n\000i\000t\000\050\000\051}{subsection.4.1.2}% 52
\BOOKMARK [3][-]{subsubsection.4.1.2.3}{\376\377\0004\000.\0001\000.\0002\000.\0003\000\040\000K\000M\000\137\000C\000O\000M\000S\000\137\000P\000r\000o\000c\000c\000e\000s\000s\000M\000s\000g\000s\000\050\000\051}{subsection.4.1.2}% 53
\BOOKMARK [3][-]{subsubsection.4.1.2.4}{\376\377\0004\000.\0001\000.\0002\000.\0004\000\040\000K\000M\000\137\000C\000O\000M\000S\000\137\000P\000r\000o\000c\000c\000e\000s\000s\000P\000a\000y\000l\000o\000a\000d\000\050\000\051}{subsection.4.1.2}% 54
\BOOKMARK [3][-]{subsubsection.4.1.2.5}{\376\377\0004\000.\0001\000.\0002\000.\0005\000\040\000k\000m\000\137\000c\000o\000m\000s\000\137\000R\000e\000c\000e\000i\000v\000e\000M\000s\000g\000\050\000\051}{subsection.4.1.2}% 55
\BOOKMARK [3][-]{subsubsection.4.1.2.6}{\376\377\0004\000.\0001\000.\0002\000.\0006\000\040\000K\000M\000\137\000C\000O\000M\000S\000\137\000S\000e\000n\000d\000M\000s\000g\000\050\000\051}{subsection.4.1.2}% 56
\BOOKMARK [2][-]{subsection.4.1.3}{\376\377\0004\000.\0001\000.\0003\000\040\000V\000a\000r\000i\000a\000b\000l\000e\000\040\000D\000o\000c\000u\000m\000e\000n\000t\000a\000t\000i\000o\000n}{section.4.1}% 57
\BOOKMARK [3][-]{subsubsection.4.1.3.1}{\376\377\0004\000.\0001\000.\0003\000.\0001\000\040\000k\000m\000\137\000c\000o\000m\000s\000\137\000m\000u\000t\000e\000x}{subsection.4.1.3}% 58
\BOOKMARK [3][-]{subsubsection.4.1.3.2}{\376\377\0004\000.\0001\000.\0003\000.\0002\000\040\000k\000m\000\137\000c\000o\000m\000s\000\137\000u\000a\000r\000t}{subsection.4.1.3}% 59
\BOOKMARK [3][-]{subsubsection.4.1.3.3}{\376\377\0004\000.\0001\000.\0003\000.\0003\000\040\000r\000x\000\137\000b\000u\000f\000f\000e\000r}{subsection.4.1.3}% 60
\BOOKMARK [3][-]{subsubsection.4.1.3.4}{\376\377\0004\000.\0001\000.\0003\000.\0004\000\040\000r\000x\000\137\000b\000u\000f\000f\000e\000r\000\137\000l\000e\000n}{subsection.4.1.3}% 61
\BOOKMARK [1][-]{section.4.2}{\376\377\0004\000.\0002\000\040\000k\000m\000\137\000c\000o\000m\000s\000.\000c}{chapter.4}% 62
\BOOKMARK [1][-]{section.4.3}{\376\377\0004\000.\0003\000\040\000k\000m\000\137\000c\000o\000m\000s\000.\000h\000\040\000F\000i\000l\000e\000\040\000R\000e\000f\000e\000r\000e\000n\000c\000e}{chapter.4}% 63
\BOOKMARK [2][-]{subsection.4.3.1}{\376\377\0004\000.\0003\000.\0001\000\040\000M\000a\000c\000r\000o\000\040\000D\000e\000f\000i\000n\000i\000t\000i\000o\000n\000\040\000D\000o\000c\000u\000m\000e\000n\000t\000a\000t\000i\000o\000n}{section.4.3}% 64
\BOOKMARK [3][-]{subsubsection.4.3.1.1}{\376\377\0004\000.\0003\000.\0001\000.\0001\000\040\000B\000U\000F\000\137\000S\000I\000Z\000E\000\137\000R\000X}{subsection.4.3.1}% 65
\BOOKMARK [3][-]{subsubsection.4.3.1.2}{\376\377\0004\000.\0003\000.\0001\000.\0002\000\040\000B\000U\000F\000\137\000S\000I\000Z\000E\000\137\000T\000X}{subsection.4.3.1}% 66
\BOOKMARK [3][-]{subsubsection.4.3.1.3}{\376\377\0004\000.\0003\000.\0001\000.\0003\000\040\000K\000M\000\137\000C\000O\000M\000S\000\137\000M\000S\000G\000\137\000M\000A\000X\000\137\000L\000E\000N}{subsection.4.3.1}% 67
\BOOKMARK [3][-]{subsubsection.4.3.1.4}{\376\377\0004\000.\0003\000.\0001\000.\0004\000\040\000K\000M\000\137\000C\000O\000M\000S\000\137\000R\000X\000\137\000C\000H\000U\000N\000K}{subsection.4.3.1}% 68
\BOOKMARK [3][-]{subsubsection.4.3.1.5}{\376\377\0004\000.\0003\000.\0001\000.\0005\000\040\000K\000M\000\137\000C\000O\000M\000S\000\137\000S\000O\000M}{subsection.4.3.1}% 69
\BOOKMARK [2][-]{subsection.4.3.2}{\376\377\0004\000.\0003\000.\0002\000\040\000E\000n\000u\000m\000e\000r\000a\000t\000i\000o\000n\000\040\000T\000y\000p\000e\000\040\000D\000o\000c\000u\000m\000e\000n\000t\000a\000t\000i\000o\000n}{section.4.3}% 70
\BOOKMARK [3][-]{subsubsection.4.3.2.1}{\376\377\0004\000.\0003\000.\0002\000.\0001\000\040\000m\000e\000s\000s\000a\000g\000e\000\137\000t\000y\000p\000e\000\137\000t}{subsection.4.3.2}% 71
\BOOKMARK [2][-]{subsection.4.3.3}{\376\377\0004\000.\0003\000.\0003\000\040\000F\000u\000n\000c\000t\000i\000o\000n\000\040\000D\000o\000c\000u\000m\000e\000n\000t\000a\000t\000i\000o\000n}{section.4.3}% 72
\BOOKMARK [3][-]{subsubsection.4.3.3.1}{\376\377\0004\000.\0003\000.\0003\000.\0001\000\040\000K\000M\000\137\000C\000O\000M\000S\000\137\000I\000n\000i\000t\000\050\000\051}{subsection.4.3.3}% 73
\BOOKMARK [3][-]{subsubsection.4.3.3.2}{\376\377\0004\000.\0003\000.\0003\000.\0002\000\040\000K\000M\000\137\000C\000O\000M\000S\000\137\000P\000r\000o\000c\000c\000e\000s\000s\000M\000s\000g\000s\000\050\000\051}{subsection.4.3.3}% 74
\BOOKMARK [3][-]{subsubsection.4.3.3.3}{\376\377\0004\000.\0003\000.\0003\000.\0003\000\040\000k\000m\000\137\000c\000o\000m\000s\000\137\000R\000e\000c\000e\000i\000v\000e\000M\000s\000g\000\050\000\051}{subsection.4.3.3}% 75
\BOOKMARK [3][-]{subsubsection.4.3.3.4}{\376\377\0004\000.\0003\000.\0003\000.\0004\000\040\000K\000M\000\137\000C\000O\000M\000S\000\137\000S\000e\000n\000d\000M\000s\000g\000\050\000\051}{subsection.4.3.3}% 76
\BOOKMARK [1][-]{section.4.4}{\376\377\0004\000.\0004\000\040\000k\000m\000\137\000c\000o\000m\000s\000.\000h}{chapter.4}% 77
\BOOKMARK [1][-]{section.4.5}{\376\377\0004\000.\0005\000\040\000k\000m\000\137\000g\000a\000m\000c\000.\000c\000\040\000F\000i\000l\000e\000\040\000R\000e\000f\000e\000r\000e\000n\000c\000e}{chapter.4}% 78
\BOOKMARK [1][-]{section.4.6}{\376\377\0004\000.\0006\000\040\000k\000m\000\137\000g\000a\000m\000c\000.\000c}{chapter.4}% 79
\BOOKMARK [1][-]{section.4.7}{\376\377\0004\000.\0007\000\040\000k\000m\000\137\000g\000a\000m\000c\000.\000h\000\040\000F\000i\000l\000e\000\040\000R\000e\000f\000e\000r\000e\000n\000c\000e}{chapter.4}% 80
\BOOKMARK [1][-]{section.4.8}{\376\377\0004\000.\0008\000\040\000k\000m\000\137\000g\000a\000m\000c\000.\000h}{chapter.4}% 81
\BOOKMARK [1][-]{section.4.9}{\376\377\0004\000.\0009\000\040\000k\000m\000\137\000g\000p\000i\000o\000.\000c\000\040\000F\000i\000l\000e\000\040\000R\000e\000f\000e\000r\000e\000n\000c\000e}{chapter.4}% 82
\BOOKMARK [2][-]{subsection.4.9.1}{\376\377\0004\000.\0009\000.\0001\000\040\000F\000u\000n\000c\000t\000i\000o\000n\000\040\000D\000o\000c\000u\000m\000e\000n\000t\000a\000t\000i\000o\000n}{section.4.9}% 83
\BOOKMARK [3][-]{subsubsection.4.9.1.1}{\376\377\0004\000.\0009\000.\0001\000.\0001\000\040\000K\000M\000\137\000G\000P\000I\000O\000\137\000I\0002\000C\000I\000n\000i\000t\000\050\000\051}{subsection.4.9.1}% 84
\BOOKMARK [3][-]{subsubsection.4.9.1.2}{\376\377\0004\000.\0009\000.\0001\000.\0002\000\040\000K\000M\000\137\000G\000P\000I\000O\000\137\000I\000n\000i\000t\000\050\000\051}{subsection.4.9.1}% 85
\BOOKMARK [3][-]{subsubsection.4.9.1.3}{\376\377\0004\000.\0009\000.\0001\000.\0003\000\040\000K\000M\000\137\000G\000P\000I\000O\000\137\000R\000e\000a\000d\000A\000D\000C\000\050\000\051}{subsection.4.9.1}% 86
\BOOKMARK [3][-]{subsubsection.4.9.1.4}{\376\377\0004\000.\0009\000.\0001\000.\0004\000\040\000K\000M\000\137\000G\000P\000I\000O\000\137\000R\000e\000a\000d\000P\000i\000n\000\050\000\051}{subsection.4.9.1}% 87
\BOOKMARK [3][-]{subsubsection.4.9.1.5}{\376\377\0004\000.\0009\000.\0001\000.\0005\000\040\000K\000M\000\137\000G\000P\000I\000O\000\137\000W\000r\000i\000t\000e\000D\000A\000C\000\050\000\051}{subsection.4.9.1}% 88
\BOOKMARK [3][-]{subsubsection.4.9.1.6}{\376\377\0004\000.\0009\000.\0001\000.\0006\000\040\000K\000M\000\137\000G\000P\000I\000O\000\137\000W\000r\000i\000t\000e\000P\000i\000n\000H\000i\000g\000h\000\050\000\051}{subsection.4.9.1}% 89
\BOOKMARK [3][-]{subsubsection.4.9.1.7}{\376\377\0004\000.\0009\000.\0001\000.\0007\000\040\000K\000M\000\137\000G\000P\000I\000O\000\137\000W\000r\000i\000t\000e\000P\000i\000n\000L\000o\000w\000\050\000\051}{subsection.4.9.1}% 90
\BOOKMARK [3][-]{subsubsection.4.9.1.8}{\376\377\0004\000.\0009\000.\0001\000.\0008\000\040\000K\000M\000\137\000G\000P\000I\000O\000\137\000W\000r\000i\000t\000e\000P\000W\000M\000\050\000\051}{subsection.4.9.1}% 91
\BOOKMARK [2][-]{subsection.4.9.2}{\376\377\0004\000.\0009\000.\0002\000\040\000V\000a\000r\000i\000a\000b\000l\000e\000\040\000D\000o\000c\000u\000m\000e\000n\000t\000a\000t\000i\000o\000n}{section.4.9}% 92
\BOOKMARK [3][-]{subsubsection.4.9.2.1}{\376\377\0004\000.\0009\000.\0002\000.\0001\000\040\000p\000i\000n\000\137\000c\000m\000d\000\137\000a\000c\000c}{subsection.4.9.2}% 93
\BOOKMARK [3][-]{subsubsection.4.9.2.2}{\376\377\0004\000.\0009\000.\0002\000.\0002\000\040\000p\000i\000n\000\137\000c\000m\000d\000\137\000b\000r\000a\000k\000e}{subsection.4.9.2}% 94
\BOOKMARK [3][-]{subsubsection.4.9.2.3}{\376\377\0004\000.\0009\000.\0002\000.\0003\000\040\000p\000i\000n\000\137\000h\000y\000d\000r\000a\000u\000l\000i\000c\000\137\0001}{subsection.4.9.2}% 95
\BOOKMARK [3][-]{subsubsection.4.9.2.4}{\376\377\0004\000.\0009\000.\0002\000.\0004\000\040\000p\000i\000n\000\137\000h\000y\000d\000r\000a\000u\000l\000i\000c\000\137\0002}{subsection.4.9.2}% 96
\BOOKMARK [3][-]{subsubsection.4.9.2.5}{\376\377\0004\000.\0009\000.\0002\000.\0005\000\040\000p\000i\000n\000\137\000i\0002\000c\000\137\000s\000c\000l}{subsection.4.9.2}% 97
\BOOKMARK [3][-]{subsubsection.4.9.2.6}{\376\377\0004\000.\0009\000.\0002\000.\0006\000\040\000p\000i\000n\000\137\000i\0002\000c\000\137\000s\000d\000a}{subsection.4.9.2}% 98
\BOOKMARK [3][-]{subsubsection.4.9.2.7}{\376\377\0004\000.\0009\000.\0002\000.\0007\000\040\000p\000i\000n\000\137\000m\000o\000t\000o\000r\000\137\000h\000a\000l\000l\000\137\0001}{subsection.4.9.2}% 99
\BOOKMARK [3][-]{subsubsection.4.9.2.8}{\376\377\0004\000.\0009\000.\0002\000.\0008\000\040\000p\000i\000n\000\137\000m\000o\000t\000o\000r\000\137\000h\000a\000l\000l\000\137\0002}{subsection.4.9.2}% 100
\BOOKMARK [3][-]{subsubsection.4.9.2.9}{\376\377\0004\000.\0009\000.\0002\000.\0009\000\040\000p\000i\000n\000\137\000m\000o\000t\000o\000r\000\137\000h\000a\000l\000l\000\137\0003}{subsection.4.9.2}% 101
\BOOKMARK [3][-]{subsubsection.4.9.2.10}{\376\377\0004\000.\0009\000.\0002\000.\0001\0000\000\040\000p\000i\000n\000\137\000p\000e\000d\000a\000l\000\137\000a\000c\000c}{subsection.4.9.2}% 102
\BOOKMARK [3][-]{subsubsection.4.9.2.11}{\376\377\0004\000.\0009\000.\0002\000.\0001\0001\000\040\000p\000i\000n\000\137\000p\000e\000d\000a\000l\000\137\000b\000r\000a\000k\000e}{subsection.4.9.2}% 103
\BOOKMARK [3][-]{subsubsection.4.9.2.12}{\376\377\0004\000.\0009\000.\0002\000.\0001\0002\000\040\000p\000i\000n\000\137\000p\000r\000e\000s\000s\000u\000r\000e\000\137\0001}{subsection.4.9.2}% 104
\BOOKMARK [3][-]{subsubsection.4.9.2.13}{\376\377\0004\000.\0009\000.\0002\000.\0001\0003\000\040\000p\000i\000n\000\137\000p\000r\000e\000s\000s\000u\000r\000e\000\137\0002}{subsection.4.9.2}% 105
\BOOKMARK [3][-]{subsubsection.4.9.2.14}{\376\377\0004\000.\0009\000.\0002\000.\0001\0004\000\040\000p\000i\000n\000\137\000p\000r\000e\000s\000s\000u\000r\000e\000\137\0003}{subsection.4.9.2}% 106
\BOOKMARK [3][-]{subsubsection.4.9.2.15}{\376\377\0004\000.\0009\000.\0002\000.\0001\0005\000\040\000p\000i\000n\000\137\000s\000t\000a\000t\000u\000s\000\137\000l\000e\000d}{subsection.4.9.2}% 107
\BOOKMARK [3][-]{subsubsection.4.9.2.16}{\376\377\0004\000.\0009\000.\0002\000.\0001\0006\000\040\000p\000i\000n\000\137\000s\000t\000e\000e\000r\000\137\000d\000i\000r}{subsection.4.9.2}% 108
\BOOKMARK [3][-]{subsubsection.4.9.2.17}{\376\377\0004\000.\0009\000.\0002\000.\0001\0007\000\040\000p\000i\000n\000\137\000s\000t\000e\000e\000r\000\137\000p\000w\000m}{subsection.4.9.2}% 109
\BOOKMARK [3][-]{subsubsection.4.9.2.18}{\376\377\0004\000.\0009\000.\0002\000.\0001\0008\000\040\000u\000a\000r\000t\000\137\000c\000o\000n\000f\000i\000g}{subsection.4.9.2}% 110
\BOOKMARK [1][-]{section.4.10}{\376\377\0004\000.\0001\0000\000\040\000k\000m\000\137\000g\000p\000i\000o\000.\000c}{chapter.4}% 111
\BOOKMARK [1][-]{section.4.11}{\376\377\0004\000.\0001\0001\000\040\000k\000m\000\137\000g\000p\000i\000o\000.\000h\000\040\000F\000i\000l\000e\000\040\000R\000e\000f\000e\000r\000e\000n\000c\000e}{chapter.4}% 112
\BOOKMARK [2][-]{subsection.4.11.1}{\376\377\0004\000.\0001\0001\000.\0001\000\040\000M\000a\000c\000r\000o\000\040\000D\000e\000f\000i\000n\000i\000t\000i\000o\000n\000\040\000D\000o\000c\000u\000m\000e\000n\000t\000a\000t\000i\000o\000n}{section.4.11}% 113
\BOOKMARK [3][-]{subsubsection.4.11.1.1}{\376\377\0004\000.\0001\0001\000.\0001\000.\0001\000\040\000L\000E\000D\000C\000\137\000H\000I\000G\000H\000\137\000S\000P\000E\000E\000D\000\137\000M\000O\000D\000E}{subsection.4.11.1}% 114
\BOOKMARK [3][-]{subsubsection.4.11.1.2}{\376\377\0004\000.\0001\0001\000.\0001\000.\0002\000\040\000L\000E\000D\000C\000\137\000L\000O\000W\000\137\000S\000P\000E\000E\000D\000\137\000M\000O\000D\000E}{subsection.4.11.1}% 115
\BOOKMARK [3][-]{subsubsection.4.11.1.3}{\376\377\0004\000.\0001\0001\000.\0001\000.\0003\000\040\000P\000I\000N\000\137\000C\000M\000D\000\137\000A\000C\000C}{subsection.4.11.1}% 116
\BOOKMARK [3][-]{subsubsection.4.11.1.4}{\376\377\0004\000.\0001\0001\000.\0001\000.\0004\000\040\000P\000I\000N\000\137\000C\000M\000D\000\137\000B\000R\000A\000K\000E}{subsection.4.11.1}% 117
\BOOKMARK [3][-]{subsubsection.4.11.1.5}{\376\377\0004\000.\0001\0001\000.\0001\000.\0005\000\040\000P\000I\000N\000\137\000H\000Y\000D\000R\000A\000U\000L\000I\000C\000\137\0001}{subsection.4.11.1}% 118
\BOOKMARK [3][-]{subsubsection.4.11.1.6}{\376\377\0004\000.\0001\0001\000.\0001\000.\0006\000\040\000P\000I\000N\000\137\000H\000Y\000D\000R\000A\000U\000L\000I\000C\000\137\0002}{subsection.4.11.1}% 119
\BOOKMARK [3][-]{subsubsection.4.11.1.7}{\376\377\0004\000.\0001\0001\000.\0001\000.\0007\000\040\000P\000I\000N\000\137\000I\0002\000C\000\137\000S\000C\000L}{subsection.4.11.1}% 120
\BOOKMARK [3][-]{subsubsection.4.11.1.8}{\376\377\0004\000.\0001\0001\000.\0001\000.\0008\000\040\000P\000I\000N\000\137\000I\0002\000C\000\137\000S\000D\000A}{subsection.4.11.1}% 121
\BOOKMARK [3][-]{subsubsection.4.11.1.9}{\376\377\0004\000.\0001\0001\000.\0001\000.\0009\000\040\000P\000I\000N\000\137\000M\000O\000T\000O\000R\000\137\000H\000A\000L\000L\000\137\0001}{subsection.4.11.1}% 122
\BOOKMARK [3][-]{subsubsection.4.11.1.10}{\376\377\0004\000.\0001\0001\000.\0001\000.\0001\0000\000\040\000P\000I\000N\000\137\000M\000O\000T\000O\000R\000\137\000H\000A\000L\000L\000\137\0002}{subsection.4.11.1}% 123
\BOOKMARK [3][-]{subsubsection.4.11.1.11}{\376\377\0004\000.\0001\0001\000.\0001\000.\0001\0001\000\040\000P\000I\000N\000\137\000M\000O\000T\000O\000R\000\137\000H\000A\000L\000L\000\137\0003}{subsection.4.11.1}% 124
\BOOKMARK [3][-]{subsubsection.4.11.1.12}{\376\377\0004\000.\0001\0001\000.\0001\000.\0001\0002\000\040\000P\000I\000N\000\137\000O\000R\000I\000N\000\137\000U\000A\000R\000T\000\137\000R\000X}{subsection.4.11.1}% 125
\BOOKMARK [3][-]{subsubsection.4.11.1.13}{\376\377\0004\000.\0001\0001\000.\0001\000.\0001\0003\000\040\000P\000I\000N\000\137\000O\000R\000I\000N\000\137\000U\000A\000R\000T\000\137\000T\000X}{subsection.4.11.1}% 126
\BOOKMARK [3][-]{subsubsection.4.11.1.14}{\376\377\0004\000.\0001\0001\000.\0001\000.\0001\0004\000\040\000P\000I\000N\000\137\000P\000E\000D\000A\000L\000\137\000A\000C\000C}{subsection.4.11.1}% 127
\BOOKMARK [3][-]{subsubsection.4.11.1.15}{\376\377\0004\000.\0001\0001\000.\0001\000.\0001\0005\000\040\000P\000I\000N\000\137\000P\000E\000D\000A\000L\000\137\000B\000R\000A\000K\000E}{subsection.4.11.1}% 128
\BOOKMARK [3][-]{subsubsection.4.11.1.16}{\376\377\0004\000.\0001\0001\000.\0001\000.\0001\0006\000\040\000P\000I\000N\000\137\000P\000R\000E\000S\000S\000U\000R\000E\000\137\0001}{subsection.4.11.1}% 129
\BOOKMARK [3][-]{subsubsection.4.11.1.17}{\376\377\0004\000.\0001\0001\000.\0001\000.\0001\0007\000\040\000P\000I\000N\000\137\000P\000R\000E\000S\000S\000U\000R\000E\000\137\0002}{subsection.4.11.1}% 130
\BOOKMARK [3][-]{subsubsection.4.11.1.18}{\376\377\0004\000.\0001\0001\000.\0001\000.\0001\0008\000\040\000P\000I\000N\000\137\000P\000R\000E\000S\000S\000U\000R\000E\000\137\0003}{subsection.4.11.1}% 131
\BOOKMARK [3][-]{subsubsection.4.11.1.19}{\376\377\0004\000.\0001\0001\000.\0001\000.\0001\0009\000\040\000P\000I\000N\000\137\000S\000T\000A\000T\000U\000S\000\137\000L\000E\000D}{subsection.4.11.1}% 132
\BOOKMARK [3][-]{subsubsection.4.11.1.20}{\376\377\0004\000.\0001\0001\000.\0001\000.\0002\0000\000\040\000P\000I\000N\000\137\000S\000T\000E\000E\000R\000\137\000D\000I\000R}{subsection.4.11.1}% 133
\BOOKMARK [3][-]{subsubsection.4.11.1.21}{\376\377\0004\000.\0001\0001\000.\0001\000.\0002\0001\000\040\000P\000I\000N\000\137\000S\000T\000E\000E\000R\000\137\000P\000W\000M}{subsection.4.11.1}% 134
\BOOKMARK [3][-]{subsubsection.4.11.1.22}{\376\377\0004\000.\0001\0001\000.\0001\000.\0002\0002\000\040\000P\000I\000N\000\137\000U\000S\000B\000\137\000U\000A\000R\000T\000\137\000R\000X}{subsection.4.11.1}% 135
\BOOKMARK [3][-]{subsubsection.4.11.1.23}{\376\377\0004\000.\0001\0001\000.\0001\000.\0002\0003\000\040\000P\000I\000N\000\137\000U\000S\000B\000\137\000U\000A\000R\000T\000\137\000T\000X}{subsection.4.11.1}% 136
\BOOKMARK [2][-]{subsection.4.11.2}{\376\377\0004\000.\0001\0001\000.\0002\000\040\000F\000u\000n\000c\000t\000i\000o\000n\000\040\000D\000o\000c\000u\000m\000e\000n\000t\000a\000t\000i\000o\000n}{section.4.11}% 137
\BOOKMARK [3][-]{subsubsection.4.11.2.1}{\376\377\0004\000.\0001\0001\000.\0002\000.\0001\000\040\000K\000M\000\137\000G\000P\000I\000O\000\137\000I\0002\000C\000I\000n\000i\000t\000\050\000\051}{subsection.4.11.2}% 138
\BOOKMARK [3][-]{subsubsection.4.11.2.2}{\376\377\0004\000.\0001\0001\000.\0002\000.\0002\000\040\000K\000M\000\137\000G\000P\000I\000O\000\137\000I\000n\000i\000t\000\050\000\051}{subsection.4.11.2}% 139
\BOOKMARK [3][-]{subsubsection.4.11.2.3}{\376\377\0004\000.\0001\0001\000.\0002\000.\0003\000\040\000K\000M\000\137\000G\000P\000I\000O\000\137\000R\000e\000a\000d\000A\000D\000C\000\050\000\051}{subsection.4.11.2}% 140
\BOOKMARK [3][-]{subsubsection.4.11.2.4}{\376\377\0004\000.\0001\0001\000.\0002\000.\0004\000\040\000K\000M\000\137\000G\000P\000I\000O\000\137\000R\000e\000a\000d\000P\000i\000n\000\050\000\051}{subsection.4.11.2}% 141
\BOOKMARK [3][-]{subsubsection.4.11.2.5}{\376\377\0004\000.\0001\0001\000.\0002\000.\0005\000\040\000K\000M\000\137\000G\000P\000I\000O\000\137\000W\000r\000i\000t\000e\000D\000A\000C\000\050\000\051}{subsection.4.11.2}% 142
\BOOKMARK [3][-]{subsubsection.4.11.2.6}{\376\377\0004\000.\0001\0001\000.\0002\000.\0006\000\040\000K\000M\000\137\000G\000P\000I\000O\000\137\000W\000r\000i\000t\000e\000P\000i\000n\000H\000i\000g\000h\000\050\000\051}{subsection.4.11.2}% 143
\BOOKMARK [3][-]{subsubsection.4.11.2.7}{\376\377\0004\000.\0001\0001\000.\0002\000.\0007\000\040\000K\000M\000\137\000G\000P\000I\000O\000\137\000W\000r\000i\000t\000e\000P\000i\000n\000L\000o\000w\000\050\000\051}{subsection.4.11.2}% 144
\BOOKMARK [3][-]{subsubsection.4.11.2.8}{\376\377\0004\000.\0001\0001\000.\0002\000.\0008\000\040\000K\000M\000\137\000G\000P\000I\000O\000\137\000W\000r\000i\000t\000e\000P\000W\000M\000\050\000\051}{subsection.4.11.2}% 145
\BOOKMARK [2][-]{subsection.4.11.3}{\376\377\0004\000.\0001\0001\000.\0003\000\040\000V\000a\000r\000i\000a\000b\000l\000e\000\040\000D\000o\000c\000u\000m\000e\000n\000t\000a\000t\000i\000o\000n}{section.4.11}% 146
\BOOKMARK [3][-]{subsubsection.4.11.3.1}{\376\377\0004\000.\0001\0001\000.\0003\000.\0001\000\040\000p\000i\000n\000\137\000c\000m\000d\000\137\000a\000c\000c}{subsection.4.11.3}% 147
\BOOKMARK [3][-]{subsubsection.4.11.3.2}{\376\377\0004\000.\0001\0001\000.\0003\000.\0002\000\040\000p\000i\000n\000\137\000c\000m\000d\000\137\000b\000r\000a\000k\000e}{subsection.4.11.3}% 148
\BOOKMARK [3][-]{subsubsection.4.11.3.3}{\376\377\0004\000.\0001\0001\000.\0003\000.\0003\000\040\000p\000i\000n\000\137\000h\000y\000d\000r\000a\000u\000l\000i\000c\000\137\0001}{subsection.4.11.3}% 149
\BOOKMARK [3][-]{subsubsection.4.11.3.4}{\376\377\0004\000.\0001\0001\000.\0003\000.\0004\000\040\000p\000i\000n\000\137\000h\000y\000d\000r\000a\000u\000l\000i\000c\000\137\0002}{subsection.4.11.3}% 150
\BOOKMARK [3][-]{subsubsection.4.11.3.5}{\376\377\0004\000.\0001\0001\000.\0003\000.\0005\000\040\000p\000i\000n\000\137\000i\0002\000c\000\137\000s\000c\000l}{subsection.4.11.3}% 151
\BOOKMARK [3][-]{subsubsection.4.11.3.6}{\376\377\0004\000.\0001\0001\000.\0003\000.\0006\000\040\000p\000i\000n\000\137\000i\0002\000c\000\137\000s\000d\000a}{subsection.4.11.3}% 152
\BOOKMARK [3][-]{subsubsection.4.11.3.7}{\376\377\0004\000.\0001\0001\000.\0003\000.\0007\000\040\000p\000i\000n\000\137\000m\000o\000t\000o\000r\000\137\000h\000a\000l\000l\000\137\0001}{subsection.4.11.3}% 153
\BOOKMARK [3][-]{subsubsection.4.11.3.8}{\376\377\0004\000.\0001\0001\000.\0003\000.\0008\000\040\000p\000i\000n\000\137\000m\000o\000t\000o\000r\000\137\000h\000a\000l\000l\000\137\0002}{subsection.4.11.3}% 154
\BOOKMARK [3][-]{subsubsection.4.11.3.9}{\376\377\0004\000.\0001\0001\000.\0003\000.\0009\000\040\000p\000i\000n\000\137\000m\000o\000t\000o\000r\000\137\000h\000a\000l\000l\000\137\0003}{subsection.4.11.3}% 155
\BOOKMARK [3][-]{subsubsection.4.11.3.10}{\376\377\0004\000.\0001\0001\000.\0003\000.\0001\0000\000\040\000p\000i\000n\000\137\000p\000e\000d\000a\000l\000\137\000a\000c\000c}{subsection.4.11.3}% 156
\BOOKMARK [3][-]{subsubsection.4.11.3.11}{\376\377\0004\000.\0001\0001\000.\0003\000.\0001\0001\000\040\000p\000i\000n\000\137\000p\000e\000d\000a\000l\000\137\000b\000r\000a\000k\000e}{subsection.4.11.3}% 157
\BOOKMARK [3][-]{subsubsection.4.11.3.12}{\376\377\0004\000.\0001\0001\000.\0003\000.\0001\0002\000\040\000p\000i\000n\000\137\000p\000r\000e\000s\000s\000u\000r\000e\000\137\0001}{subsection.4.11.3}% 158
\BOOKMARK [3][-]{subsubsection.4.11.3.13}{\376\377\0004\000.\0001\0001\000.\0003\000.\0001\0003\000\040\000p\000i\000n\000\137\000p\000r\000e\000s\000s\000u\000r\000e\000\137\0002}{subsection.4.11.3}% 159
\BOOKMARK [3][-]{subsubsection.4.11.3.14}{\376\377\0004\000.\0001\0001\000.\0003\000.\0001\0004\000\040\000p\000i\000n\000\137\000p\000r\000e\000s\000s\000u\000r\000e\000\137\0003}{subsection.4.11.3}% 160
\BOOKMARK [3][-]{subsubsection.4.11.3.15}{\376\377\0004\000.\0001\0001\000.\0003\000.\0001\0005\000\040\000p\000i\000n\000\137\000s\000t\000a\000t\000u\000s\000\137\000l\000e\000d}{subsection.4.11.3}% 161
\BOOKMARK [3][-]{subsubsection.4.11.3.16}{\376\377\0004\000.\0001\0001\000.\0003\000.\0001\0006\000\040\000p\000i\000n\000\137\000s\000t\000e\000e\000r\000\137\000d\000i\000r}{subsection.4.11.3}% 162
\BOOKMARK [3][-]{subsubsection.4.11.3.17}{\376\377\0004\000.\0001\0001\000.\0003\000.\0001\0007\000\040\000p\000i\000n\000\137\000s\000t\000e\000e\000r\000\137\000p\000w\000m}{subsection.4.11.3}% 163
\BOOKMARK [3][-]{subsubsection.4.11.3.18}{\376\377\0004\000.\0001\0001\000.\0003\000.\0001\0008\000\040\000u\000a\000r\000t\000\137\000c\000o\000n\000f\000i\000g}{subsection.4.11.3}% 164
\BOOKMARK [1][-]{section.4.12}{\376\377\0004\000.\0001\0002\000\040\000k\000m\000\137\000g\000p\000i\000o\000.\000h}{chapter.4}% 165
\BOOKMARK [1][-]{section.4.13}{\376\377\0004\000.\0001\0003\000\040\000k\000m\000\137\000o\000b\000j\000e\000c\000t\000s\000.\000c\000\040\000F\000i\000l\000e\000\040\000R\000e\000f\000e\000r\000e\000n\000c\000e}{chapter.4}% 166
\BOOKMARK [2][-]{subsection.4.13.1}{\376\377\0004\000.\0001\0003\000.\0001\000\040\000F\000u\000n\000c\000t\000i\000o\000n\000\040\000D\000o\000c\000u\000m\000e\000n\000t\000a\000t\000i\000o\000n}{section.4.13}% 167
\BOOKMARK [3][-]{subsubsection.4.13.1.1}{\376\377\0004\000.\0001\0003\000.\0001\000.\0001\000\040\000K\000M\000\137\000O\000B\000J\000\137\000G\000e\000t\000O\000b\000j\000e\000c\000t\000V\000a\000l\000u\000e\000\050\000\051}{subsection.4.13.1}% 168
\BOOKMARK [3][-]{subsubsection.4.13.1.2}{\376\377\0004\000.\0001\0003\000.\0001\000.\0002\000\040\000K\000M\000\137\000O\000B\000J\000\137\000S\000e\000t\000O\000b\000j\000e\000c\000t\000V\000a\000l\000u\000e\000\050\000\051}{subsection.4.13.1}% 169
\BOOKMARK [2][-]{subsection.4.13.2}{\376\377\0004\000.\0001\0003\000.\0002\000\040\000V\000a\000r\000i\000a\000b\000l\000e\000\040\000D\000o\000c\000u\000m\000e\000n\000t\000a\000t\000i\000o\000n}{section.4.13}% 170
\BOOKMARK [3][-]{subsubsection.4.13.2.1}{\376\377\0004\000.\0001\0003\000.\0002\000.\0001\000\040\000k\000m\000\137\000o\000b\000j\000e\000c\000t\000s\000\137\000v\000a\000l\000u\000e\000s}{subsection.4.13.2}% 171
\BOOKMARK [1][-]{section.4.14}{\376\377\0004\000.\0001\0004\000\040\000k\000m\000\137\000o\000b\000j\000e\000c\000t\000s\000.\000c}{chapter.4}% 172
\BOOKMARK [1][-]{section.4.15}{\376\377\0004\000.\0001\0005\000\040\000k\000m\000\137\000o\000b\000j\000e\000c\000t\000s\000.\000h\000\040\000F\000i\000l\000e\000\040\000R\000e\000f\000e\000r\000e\000n\000c\000e}{chapter.4}% 173
\BOOKMARK [2][-]{subsection.4.15.1}{\376\377\0004\000.\0001\0005\000.\0001\000\040\000M\000a\000c\000r\000o\000\040\000D\000e\000f\000i\000n\000i\000t\000i\000o\000n\000\040\000D\000o\000c\000u\000m\000e\000n\000t\000a\000t\000i\000o\000n}{section.4.15}% 174
\BOOKMARK [3][-]{subsubsection.4.15.1.1}{\376\377\0004\000.\0001\0005\000.\0001\000.\0001\000\040\000O\000B\000J\000E\000C\000T\000\137\000V\000A\000L\000U\000E\000\137\000E\000R\000R\000O\000R}{subsection.4.15.1}% 175
\BOOKMARK [2][-]{subsection.4.15.2}{\376\377\0004\000.\0001\0005\000.\0002\000\040\000E\000n\000u\000m\000e\000r\000a\000t\000i\000o\000n\000\040\000T\000y\000p\000e\000\040\000D\000o\000c\000u\000m\000e\000n\000t\000a\000t\000i\000o\000n}{section.4.15}% 176
\BOOKMARK [3][-]{subsubsection.4.15.2.1}{\376\377\0004\000.\0001\0005\000.\0002\000.\0001\000\040\000k\000m\000\137\000o\000b\000j\000e\000c\000t\000s\000\137\000t}{subsection.4.15.2}% 177
\BOOKMARK [2][-]{subsection.4.15.3}{\376\377\0004\000.\0001\0005\000.\0003\000\040\000F\000u\000n\000c\000t\000i\000o\000n\000\040\000D\000o\000c\000u\000m\000e\000n\000t\000a\000t\000i\000o\000n}{section.4.15}% 178
\BOOKMARK [3][-]{subsubsection.4.15.3.1}{\376\377\0004\000.\0001\0005\000.\0003\000.\0001\000\040\000K\000M\000\137\000O\000B\000J\000\137\000G\000e\000t\000O\000b\000j\000e\000c\000t\000V\000a\000l\000u\000e\000\050\000\051}{subsection.4.15.3}% 179
\BOOKMARK [3][-]{subsubsection.4.15.3.2}{\376\377\0004\000.\0001\0005\000.\0003\000.\0002\000\040\000K\000M\000\137\000O\000B\000J\000\137\000S\000e\000t\000O\000b\000j\000e\000c\000t\000V\000a\000l\000u\000e\000\050\000\051}{subsection.4.15.3}% 180
\BOOKMARK [1][-]{section.4.16}{\376\377\0004\000.\0001\0006\000\040\000k\000m\000\137\000o\000b\000j\000e\000c\000t\000s\000.\000h}{chapter.4}% 181
\BOOKMARK [1][-]{section.4.17}{\376\377\0004\000.\0001\0007\000\040\000k\000m\000\137\000p\000i\000d\000.\000c\000\040\000F\000i\000l\000e\000\040\000R\000e\000f\000e\000r\000e\000n\000c\000e}{chapter.4}% 182
\BOOKMARK [2][-]{subsection.4.17.1}{\376\377\0004\000.\0001\0007\000.\0001\000\040\000F\000u\000n\000c\000t\000i\000o\000n\000\040\000D\000o\000c\000u\000m\000e\000n\000t\000a\000t\000i\000o\000n}{section.4.17}% 183
\BOOKMARK [3][-]{subsubsection.4.17.1.1}{\376\377\0004\000.\0001\0007\000.\0001\000.\0001\000\040\000K\000M\000\137\000P\000I\000D\000\137\000C\000a\000l\000c\000u\000l\000a\000t\000e\000\050\000\051}{subsection.4.17.1}% 184
\BOOKMARK [3][-]{subsubsection.4.17.1.2}{\376\377\0004\000.\0001\0007\000.\0001\000.\0002\000\040\000K\000M\000\137\000P\000I\000D\000\137\000G\000e\000t\000I\000n\000t\000e\000g\000r\000a\000l\000\050\000\051}{subsection.4.17.1}% 185
\BOOKMARK [3][-]{subsubsection.4.17.1.3}{\376\377\0004\000.\0001\0007\000.\0001\000.\0003\000\040\000K\000M\000\137\000P\000I\000D\000\137\000G\000e\000t\000T\000u\000n\000i\000n\000g\000s\000\050\000\051}{subsection.4.17.1}% 186
\BOOKMARK [3][-]{subsubsection.4.17.1.4}{\376\377\0004\000.\0001\0007\000.\0001\000.\0004\000\040\000K\000M\000\137\000P\000I\000D\000\137\000I\000n\000i\000t\000\050\000\051}{subsection.4.17.1}% 187
\BOOKMARK [3][-]{subsubsection.4.17.1.5}{\376\377\0004\000.\0001\0007\000.\0001\000.\0005\000\040\000K\000M\000\137\000P\000I\000D\000\137\000R\000e\000s\000e\000t\000\050\000\051}{subsection.4.17.1}% 188
\BOOKMARK [3][-]{subsubsection.4.17.1.6}{\376\377\0004\000.\0001\0007\000.\0001\000.\0006\000\040\000K\000M\000\137\000P\000I\000D\000\137\000S\000e\000t\000I\000n\000t\000e\000g\000r\000a\000l\000L\000i\000m\000i\000t\000s\000\050\000\051}{subsection.4.17.1}% 189
\BOOKMARK [3][-]{subsubsection.4.17.1.7}{\376\377\0004\000.\0001\0007\000.\0001\000.\0007\000\040\000K\000M\000\137\000P\000I\000D\000\137\000S\000e\000t\000O\000u\000t\000p\000u\000t\000L\000i\000m\000i\000t\000s\000\050\000\051}{subsection.4.17.1}% 190
\BOOKMARK [3][-]{subsubsection.4.17.1.8}{\376\377\0004\000.\0001\0007\000.\0001\000.\0008\000\040\000K\000M\000\137\000P\000I\000D\000\137\000S\000e\000t\000T\000u\000n\000i\000n\000g\000s\000\050\000\051}{subsection.4.17.1}% 191
\BOOKMARK [1][-]{section.4.18}{\376\377\0004\000.\0001\0008\000\040\000k\000m\000\137\000p\000i\000d\000.\000c}{chapter.4}% 192
\BOOKMARK [1][-]{section.4.19}{\376\377\0004\000.\0001\0009\000\040\000k\000m\000\137\000p\000i\000d\000.\000h\000\040\000F\000i\000l\000e\000\040\000R\000e\000f\000e\000r\000e\000n\000c\000e}{chapter.4}% 193
\BOOKMARK [2][-]{subsection.4.19.1}{\376\377\0004\000.\0001\0009\000.\0001\000\040\000F\000u\000n\000c\000t\000i\000o\000n\000\040\000D\000o\000c\000u\000m\000e\000n\000t\000a\000t\000i\000o\000n}{section.4.19}% 194
\BOOKMARK [3][-]{subsubsection.4.19.1.1}{\376\377\0004\000.\0001\0009\000.\0001\000.\0001\000\040\000K\000M\000\137\000P\000I\000D\000\137\000C\000a\000l\000c\000u\000l\000a\000t\000e\000\050\000\051}{subsection.4.19.1}% 195
\BOOKMARK [3][-]{subsubsection.4.19.1.2}{\376\377\0004\000.\0001\0009\000.\0001\000.\0002\000\040\000K\000M\000\137\000P\000I\000D\000\137\000G\000e\000t\000I\000n\000t\000e\000g\000r\000a\000l\000\050\000\051}{subsection.4.19.1}% 196
\BOOKMARK [3][-]{subsubsection.4.19.1.3}{\376\377\0004\000.\0001\0009\000.\0001\000.\0003\000\040\000K\000M\000\137\000P\000I\000D\000\137\000G\000e\000t\000T\000u\000n\000i\000n\000g\000s\000\050\000\051}{subsection.4.19.1}% 197
\BOOKMARK [3][-]{subsubsection.4.19.1.4}{\376\377\0004\000.\0001\0009\000.\0001\000.\0004\000\040\000K\000M\000\137\000P\000I\000D\000\137\000I\000n\000i\000t\000\050\000\051}{subsection.4.19.1}% 198
\BOOKMARK [3][-]{subsubsection.4.19.1.5}{\376\377\0004\000.\0001\0009\000.\0001\000.\0005\000\040\000K\000M\000\137\000P\000I\000D\000\137\000R\000e\000s\000e\000t\000\050\000\051}{subsection.4.19.1}% 199
\BOOKMARK [3][-]{subsubsection.4.19.1.6}{\376\377\0004\000.\0001\0009\000.\0001\000.\0006\000\040\000K\000M\000\137\000P\000I\000D\000\137\000S\000e\000t\000I\000n\000t\000e\000g\000r\000a\000l\000L\000i\000m\000i\000t\000s\000\050\000\051}{subsection.4.19.1}% 200
\BOOKMARK [3][-]{subsubsection.4.19.1.7}{\376\377\0004\000.\0001\0009\000.\0001\000.\0007\000\040\000K\000M\000\137\000P\000I\000D\000\137\000S\000e\000t\000O\000u\000t\000p\000u\000t\000L\000i\000m\000i\000t\000s\000\050\000\051}{subsection.4.19.1}% 201
\BOOKMARK [3][-]{subsubsection.4.19.1.8}{\376\377\0004\000.\0001\0009\000.\0001\000.\0008\000\040\000K\000M\000\137\000P\000I\000D\000\137\000S\000e\000t\000T\000u\000n\000i\000n\000g\000s\000\050\000\051}{subsection.4.19.1}% 202
\BOOKMARK [1][-]{section.4.20}{\376\377\0004\000.\0002\0000\000\040\000k\000m\000\137\000p\000i\000d\000.\000h}{chapter.4}% 203
\BOOKMARK [1][-]{section.4.21}{\376\377\0004\000.\0002\0001\000\040\000k\000m\000\137\000r\000t\000o\000s\000.\000c\000\040\000F\000i\000l\000e\000\040\000R\000e\000f\000e\000r\000e\000n\000c\000e}{chapter.4}% 204
\BOOKMARK [2][-]{subsection.4.21.1}{\376\377\0004\000.\0002\0001\000.\0001\000\040\000D\000e\000t\000a\000i\000l\000e\000d\000\040\000D\000e\000s\000c\000r\000i\000p\000t\000i\000o\000n}{section.4.21}% 205
\BOOKMARK [2][-]{subsection.4.21.2}{\376\377\0004\000.\0002\0001\000.\0002\000\040\000M\000a\000c\000r\000o\000\040\000D\000e\000f\000i\000n\000i\000t\000i\000o\000n\000\040\000D\000o\000c\000u\000m\000e\000n\000t\000a\000t\000i\000o\000n}{section.4.21}% 206
\BOOKMARK [3][-]{subsubsection.4.21.2.1}{\376\377\0004\000.\0002\0001\000.\0002\000.\0001\000\040\000R\000T\000O\000S\000\137\000D\000E\000F\000A\000U\000L\000T\000\137\000P\000E\000R\000I\000O\000D\000\137\000M\000S}{subsection.4.21.2}% 207
\BOOKMARK [3][-]{subsubsection.4.21.2.2}{\376\377\0004\000.\0002\0001\000.\0002\000.\0002\000\040\000R\000T\000O\000S\000\137\000D\000E\000F\000A\000U\000L\000T\000\137\000P\000R\000I\000O\000R\000I\000T\000Y}{subsection.4.21.2}% 208
\BOOKMARK [3][-]{subsubsection.4.21.2.3}{\376\377\0004\000.\0002\0001\000.\0002\000.\0003\000\040\000R\000T\000O\000S\000\137\000D\000E\000F\000A\000U\000L\000T\000\137\000S\000T\000A\000C\000K\000\137\000S\000I\000Z\000E}{subsection.4.21.2}% 209
\BOOKMARK [2][-]{subsection.4.21.3}{\376\377\0004\000.\0002\0001\000.\0003\000\040\000F\000u\000n\000c\000t\000i\000o\000n\000\040\000D\000o\000c\000u\000m\000e\000n\000t\000a\000t\000i\000o\000n}{section.4.21}% 210
\BOOKMARK [3][-]{subsubsection.4.21.3.1}{\376\377\0004\000.\0002\0001\000.\0003\000.\0001\000\040\000K\000M\000\137\000C\000O\000M\000S\000\137\000C\000r\000e\000a\000t\000e\000T\000a\000s\000k\000\050\000\051}{subsection.4.21.3}% 211
\BOOKMARK [3][-]{subsubsection.4.21.3.2}{\376\377\0004\000.\0002\0001\000.\0003\000.\0002\000\040\000K\000M\000\137\000R\000T\000O\000S\000\137\000A\000d\000d\000T\000a\000s\000k\000\050\000\051}{subsection.4.21.3}% 212
\BOOKMARK [3][-]{subsubsection.4.21.3.3}{\376\377\0004\000.\0002\0001\000.\0003\000.\0003\000\040\000K\000M\000\137\000R\000T\000O\000S\000\137\000C\000h\000a\000n\000g\000e\000P\000r\000i\000o\000r\000i\000t\000y\000\050\000\051}{subsection.4.21.3}% 213
\BOOKMARK [3][-]{subsubsection.4.21.3.4}{\376\377\0004\000.\0002\0001\000.\0003\000.\0004\000\040\000K\000M\000\137\000R\000T\000O\000S\000\137\000D\000e\000l\000e\000t\000e\000T\000a\000s\000k\000\050\000\051}{subsection.4.21.3}% 214
\BOOKMARK [3][-]{subsubsection.4.21.3.5}{\376\377\0004\000.\0002\0001\000.\0003\000.\0005\000\040\000K\000M\000\137\000R\000T\000O\000S\000\137\000D\000e\000s\000t\000r\000o\000y\000\050\000\051}{subsection.4.21.3}% 215
\BOOKMARK [3][-]{subsubsection.4.21.3.6}{\376\377\0004\000.\0002\0001\000.\0003\000.\0006\000\040\000K\000M\000\137\000R\000T\000O\000S\000\137\000F\000i\000n\000d\000T\000a\000s\000k\000\050\000\051}{subsection.4.21.3}% 216
\BOOKMARK [3][-]{subsubsection.4.21.3.7}{\376\377\0004\000.\0002\0001\000.\0003\000.\0007\000\040\000K\000M\000\137\000R\000T\000O\000S\000\137\000I\000n\000i\000t\000\050\000\051}{subsection.4.21.3}% 217
\BOOKMARK [3][-]{subsubsection.4.21.3.8}{\376\377\0004\000.\0002\0001\000.\0003\000.\0008\000\040\000K\000M\000\137\000R\000T\000O\000S\000\137\000R\000e\000s\000t\000a\000r\000t\000T\000a\000s\000k\000\050\000\051}{subsection.4.21.3}% 218
\BOOKMARK [3][-]{subsubsection.4.21.3.9}{\376\377\0004\000.\0002\0001\000.\0003\000.\0009\000\040\000K\000M\000\137\000R\000T\000O\000S\000\137\000R\000e\000s\000u\000m\000e\000T\000a\000s\000k\000\050\000\051}{subsection.4.21.3}% 219
\BOOKMARK [3][-]{subsubsection.4.21.3.10}{\376\377\0004\000.\0002\0001\000.\0003\000.\0001\0000\000\040\000K\000M\000\137\000R\000T\000O\000S\000\137\000S\000u\000s\000p\000e\000n\000d\000T\000a\000s\000k\000\050\000\051}{subsection.4.21.3}% 220
\BOOKMARK [3][-]{subsubsection.4.21.3.11}{\376\377\0004\000.\0002\0001\000.\0003\000.\0001\0001\000\040\000K\000M\000\137\000R\000T\000O\000S\000\137\000T\000a\000s\000k\000W\000r\000a\000p\000p\000e\000r\000\050\000\051}{subsection.4.21.3}% 221
\BOOKMARK [2][-]{subsection.4.21.4}{\376\377\0004\000.\0002\0001\000.\0004\000\040\000V\000a\000r\000i\000a\000b\000l\000e\000\040\000D\000o\000c\000u\000m\000e\000n\000t\000a\000t\000i\000o\000n}{section.4.21}% 222
\BOOKMARK [3][-]{subsubsection.4.21.4.1}{\376\377\0004\000.\0002\0001\000.\0004\000.\0001\000\040\000t\000a\000s\000k\000s}{subsection.4.21.4}% 223
\BOOKMARK [1][-]{section.4.22}{\376\377\0004\000.\0002\0002\000\040\000k\000m\000\137\000r\000t\000o\000s\000.\000c}{chapter.4}% 224
\BOOKMARK [1][-]{section.4.23}{\376\377\0004\000.\0002\0003\000\040\000k\000m\000\137\000r\000t\000o\000s\000.\000h\000\040\000F\000i\000l\000e\000\040\000R\000e\000f\000e\000r\000e\000n\000c\000e}{chapter.4}% 225
\BOOKMARK [2][-]{subsection.4.23.1}{\376\377\0004\000.\0002\0003\000.\0001\000\040\000M\000a\000c\000r\000o\000\040\000D\000e\000f\000i\000n\000i\000t\000i\000o\000n\000\040\000D\000o\000c\000u\000m\000e\000n\000t\000a\000t\000i\000o\000n}{section.4.23}% 226
\BOOKMARK [3][-]{subsubsection.4.23.1.1}{\376\377\0004\000.\0002\0003\000.\0001\000.\0001\000\040\000R\000T\000O\000S\000\137\000M\000A\000X\000\137\000T\000A\000S\000K\000S}{subsection.4.23.1}% 227
\BOOKMARK [2][-]{subsection.4.23.2}{\376\377\0004\000.\0002\0003\000.\0002\000\040\000T\000y\000p\000e\000d\000e\000f\000\040\000D\000o\000c\000u\000m\000e\000n\000t\000a\000t\000i\000o\000n}{section.4.23}% 228
\BOOKMARK [3][-]{subsubsection.4.23.2.1}{\376\377\0004\000.\0002\0003\000.\0002\000.\0001\000\040\000K\000M\000\137\000R\000T\000O\000S\000\137\000T\000a\000s\000k\000F\000u\000n\000c\000t\000i\000o\000n\000\137\000t}{subsection.4.23.2}% 229
\BOOKMARK [2][-]{subsection.4.23.3}{\376\377\0004\000.\0002\0003\000.\0003\000\040\000F\000u\000n\000c\000t\000i\000o\000n\000\040\000D\000o\000c\000u\000m\000e\000n\000t\000a\000t\000i\000o\000n}{section.4.23}% 230
\BOOKMARK [3][-]{subsubsection.4.23.3.1}{\376\377\0004\000.\0002\0003\000.\0003\000.\0001\000\040\000K\000M\000\137\000C\000O\000M\000S\000\137\000C\000r\000e\000a\000t\000e\000T\000a\000s\000k\000\050\000\051}{subsection.4.23.3}% 231
\BOOKMARK [3][-]{subsubsection.4.23.3.2}{\376\377\0004\000.\0002\0003\000.\0003\000.\0002\000\040\000K\000M\000\137\000R\000T\000O\000S\000\137\000A\000d\000d\000T\000a\000s\000k\000\050\000\051}{subsection.4.23.3}% 232
\BOOKMARK [3][-]{subsubsection.4.23.3.3}{\376\377\0004\000.\0002\0003\000.\0003\000.\0003\000\040\000K\000M\000\137\000R\000T\000O\000S\000\137\000C\000h\000a\000n\000g\000e\000P\000r\000i\000o\000r\000i\000t\000y\000\050\000\051}{subsection.4.23.3}% 233
\BOOKMARK [3][-]{subsubsection.4.23.3.4}{\376\377\0004\000.\0002\0003\000.\0003\000.\0004\000\040\000K\000M\000\137\000R\000T\000O\000S\000\137\000D\000e\000l\000e\000t\000e\000T\000a\000s\000k\000\050\000\051}{subsection.4.23.3}% 234
\BOOKMARK [3][-]{subsubsection.4.23.3.5}{\376\377\0004\000.\0002\0003\000.\0003\000.\0005\000\040\000K\000M\000\137\000R\000T\000O\000S\000\137\000D\000e\000s\000t\000r\000o\000y\000\050\000\051}{subsection.4.23.3}% 235
\BOOKMARK [3][-]{subsubsection.4.23.3.6}{\376\377\0004\000.\0002\0003\000.\0003\000.\0006\000\040\000K\000M\000\137\000R\000T\000O\000S\000\137\000I\000n\000i\000t\000\050\000\051}{subsection.4.23.3}% 236
\BOOKMARK [3][-]{subsubsection.4.23.3.7}{\376\377\0004\000.\0002\0003\000.\0003\000.\0007\000\040\000K\000M\000\137\000R\000T\000O\000S\000\137\000R\000e\000s\000t\000a\000r\000t\000T\000a\000s\000k\000\050\000\051}{subsection.4.23.3}% 237
\BOOKMARK [3][-]{subsubsection.4.23.3.8}{\376\377\0004\000.\0002\0003\000.\0003\000.\0008\000\040\000K\000M\000\137\000R\000T\000O\000S\000\137\000R\000e\000s\000u\000m\000e\000T\000a\000s\000k\000\050\000\051}{subsection.4.23.3}% 238
\BOOKMARK [3][-]{subsubsection.4.23.3.9}{\376\377\0004\000.\0002\0003\000.\0003\000.\0009\000\040\000K\000M\000\137\000R\000T\000O\000S\000\137\000S\000u\000s\000p\000e\000n\000d\000T\000a\000s\000k\000\050\000\051}{subsection.4.23.3}% 239
\BOOKMARK [1][-]{section.4.24}{\376\377\0004\000.\0002\0004\000\040\000k\000m\000\137\000r\000t\000o\000s\000.\000h}{chapter.4}% 240
\BOOKMARK [1][-]{section.4.25}{\376\377\0004\000.\0002\0005\000\040\000k\000m\000\137\000s\000d\000i\000r\000.\000c\000\040\000F\000i\000l\000e\000\040\000R\000e\000f\000e\000r\000e\000n\000c\000e}{chapter.4}% 241
\BOOKMARK [2][-]{subsection.4.25.1}{\376\377\0004\000.\0002\0005\000.\0001\000\040\000M\000a\000c\000r\000o\000\040\000D\000e\000f\000i\000n\000i\000t\000i\000o\000n\000\040\000D\000o\000c\000u\000m\000e\000n\000t\000a\000t\000i\000o\000n}{section.4.25}% 242
\BOOKMARK [3][-]{subsubsection.4.25.1.1}{\376\377\0004\000.\0002\0005\000.\0001\000.\0001\000\040\000I\0002\000C\000\137\000M\000A\000S\000T\000E\000R\000\137\000T\000I\000M\000E\000O\000U\000T\000\137\000M\000S}{subsection.4.25.1}% 243
\BOOKMARK [3][-]{subsubsection.4.25.1.2}{\376\377\0004\000.\0002\0005\000.\0001\000.\0002\000\040\000T\000A\000G}{subsection.4.25.1}% 244
\BOOKMARK [2][-]{subsection.4.25.2}{\376\377\0004\000.\0002\0005\000.\0002\000\040\000F\000u\000n\000c\000t\000i\000o\000n\000\040\000D\000o\000c\000u\000m\000e\000n\000t\000a\000t\000i\000o\000n}{section.4.25}% 245
\BOOKMARK [3][-]{subsubsection.4.25.2.1}{\376\377\0004\000.\0002\0005\000.\0002\000.\0001\000\040\000K\000M\000\137\000S\000D\000I\000R\000\137\000B\000e\000g\000i\000n\000\050\000\051}{subsection.4.25.2}% 246
\BOOKMARK [3][-]{subsubsection.4.25.2.2}{\376\377\0004\000.\0002\0005\000.\0002\000.\0002\000\040\000K\000M\000\137\000S\000D\000I\000R\000\137\000I\000n\000i\000t\000\050\000\051}{subsection.4.25.2}% 247
\BOOKMARK [3][-]{subsubsection.4.25.2.3}{\376\377\0004\000.\0002\0005\000.\0002\000.\0003\000\040\000K\000M\000\137\000S\000D\000I\000R\000\137\000i\000s\000C\000o\000n\000n\000e\000c\000t\000e\000d\000\050\000\051}{subsection.4.25.2}% 248
\BOOKMARK [3][-]{subsubsection.4.25.2.4}{\376\377\0004\000.\0002\0005\000.\0002\000.\0004\000\040\000K\000M\000\137\000S\000D\000I\000R\000\137\000R\000e\000a\000d\000A\000n\000g\000l\000e\000\050\000\051}{subsection.4.25.2}% 249
\BOOKMARK [3][-]{subsubsection.4.25.2.5}{\376\377\0004\000.\0002\0005\000.\0002\000.\0005\000\040\000K\000M\000\137\000S\000D\000I\000R\000\137\000R\000e\000a\000d\000A\000n\000g\000l\000e\000D\000e\000g\000r\000e\000e\000s\000\050\000\051}{subsection.4.25.2}% 250
\BOOKMARK [3][-]{subsubsection.4.25.2.6}{\376\377\0004\000.\0002\0005\000.\0002\000.\0006\000\040\000K\000M\000\137\000S\000D\000I\000R\000\137\000R\000e\000a\000d\000A\000n\000g\000l\000e\000R\000a\000d\000i\000a\000n\000s\000\050\000\051}{subsection.4.25.2}% 251
\BOOKMARK [3][-]{subsubsection.4.25.2.7}{\376\377\0004\000.\0002\0005\000.\0002\000.\0007\000\040\000K\000M\000\137\000S\000D\000I\000R\000\137\000R\000e\000a\000d\000R\000a\000w\000\050\000\051}{subsection.4.25.2}% 252
\BOOKMARK [3][-]{subsubsection.4.25.2.8}{\376\377\0004\000.\0002\0005\000.\0002\000.\0008\000\040\000K\000M\000\137\000S\000D\000I\000R\000\137\000R\000e\000a\000d\000R\000e\000g\000i\000s\000t\000e\000r\000s\000\050\000\051}{subsection.4.25.2}% 253
\BOOKMARK [3][-]{subsubsection.4.25.2.9}{\376\377\0004\000.\0002\0005\000.\0002\000.\0009\000\040\000K\000M\000\137\000S\000D\000I\000R\000\137\000R\000e\000s\000e\000t\000I\0002\000C\000\050\000\051}{subsection.4.25.2}% 254
\BOOKMARK [3][-]{subsubsection.4.25.2.10}{\376\377\0004\000.\0002\0005\000.\0002\000.\0001\0000\000\040\000K\000M\000\137\000S\000D\000I\000R\000\137\000s\000e\000t\000C\000e\000n\000t\000e\000r\000O\000f\000f\000s\000e\000t\000\050\000\051}{subsection.4.25.2}% 255
\BOOKMARK [1][-]{section.4.26}{\376\377\0004\000.\0002\0006\000\040\000k\000m\000\137\000s\000d\000i\000r\000.\000c}{chapter.4}% 256
\BOOKMARK [1][-]{section.4.27}{\376\377\0004\000.\0002\0007\000\040\000k\000m\000\137\000s\000d\000i\000r\000.\000h\000\040\000F\000i\000l\000e\000\040\000R\000e\000f\000e\000r\000e\000n\000c\000e}{chapter.4}% 257
\BOOKMARK [2][-]{subsection.4.27.1}{\376\377\0004\000.\0002\0007\000.\0001\000\040\000M\000a\000c\000r\000o\000\040\000D\000e\000f\000i\000n\000i\000t\000i\000o\000n\000\040\000D\000o\000c\000u\000m\000e\000n\000t\000a\000t\000i\000o\000n}{section.4.27}% 258
\BOOKMARK [3][-]{subsubsection.4.27.1.1}{\376\377\0004\000.\0002\0007\000.\0001\000.\0001\000\040\000P\000I}{subsection.4.27.1}% 259
\BOOKMARK [2][-]{subsection.4.27.2}{\376\377\0004\000.\0002\0007\000.\0002\000\040\000E\000n\000u\000m\000e\000r\000a\000t\000i\000o\000n\000\040\000T\000y\000p\000e\000\040\000D\000o\000c\000u\000m\000e\000n\000t\000a\000t\000i\000o\000n}{section.4.27}% 260
\BOOKMARK [3][-]{subsubsection.4.27.2.1}{\376\377\0004\000.\0002\0007\000.\0002\000.\0001\000\040\000c\000o\000n\000e\000c\000t\000i\000o\000n\000\137\000c\000o\000n\000s\000t\000a\000n\000s}{subsection.4.27.2}% 261
\BOOKMARK [3][-]{subsubsection.4.27.2.2}{\376\377\0004\000.\0002\0007\000.\0002\000.\0002\000\040\000s\000e\000n\000s\000o\000r\000\137\000c\000o\000n\000s\000t\000a\000n\000s}{subsection.4.27.2}% 262
\BOOKMARK [2][-]{subsection.4.27.3}{\376\377\0004\000.\0002\0007\000.\0003\000\040\000F\000u\000n\000c\000t\000i\000o\000n\000\040\000D\000o\000c\000u\000m\000e\000n\000t\000a\000t\000i\000o\000n}{section.4.27}% 263
\BOOKMARK [3][-]{subsubsection.4.27.3.1}{\376\377\0004\000.\0002\0007\000.\0003\000.\0001\000\040\000K\000M\000\137\000S\000D\000I\000R\000\137\000B\000e\000g\000i\000n\000\050\000\051}{subsection.4.27.3}% 264
\BOOKMARK [3][-]{subsubsection.4.27.3.2}{\376\377\0004\000.\0002\0007\000.\0003\000.\0002\000\040\000K\000M\000\137\000S\000D\000I\000R\000\137\000I\000n\000i\000t\000\050\000\051}{subsection.4.27.3}% 265
\BOOKMARK [3][-]{subsubsection.4.27.3.3}{\376\377\0004\000.\0002\0007\000.\0003\000.\0003\000\040\000K\000M\000\137\000S\000D\000I\000R\000\137\000i\000s\000C\000o\000n\000n\000e\000c\000t\000e\000d\000\050\000\051}{subsection.4.27.3}% 266
\BOOKMARK [3][-]{subsubsection.4.27.3.4}{\376\377\0004\000.\0002\0007\000.\0003\000.\0004\000\040\000K\000M\000\137\000S\000D\000I\000R\000\137\000R\000e\000a\000d\000A\000n\000g\000l\000e\000D\000e\000g\000r\000e\000e\000s\000\050\000\051}{subsection.4.27.3}% 267
\BOOKMARK [3][-]{subsubsection.4.27.3.5}{\376\377\0004\000.\0002\0007\000.\0003\000.\0005\000\040\000K\000M\000\137\000S\000D\000I\000R\000\137\000R\000e\000a\000d\000A\000n\000g\000l\000e\000R\000a\000d\000i\000a\000n\000s\000\050\000\051}{subsection.4.27.3}% 268
\BOOKMARK [3][-]{subsubsection.4.27.3.6}{\376\377\0004\000.\0002\0007\000.\0003\000.\0006\000\040\000K\000M\000\137\000S\000D\000I\000R\000\137\000R\000e\000a\000d\000R\000a\000w\000\050\000\051}{subsection.4.27.3}% 269
\BOOKMARK [3][-]{subsubsection.4.27.3.7}{\376\377\0004\000.\0002\0007\000.\0003\000.\0007\000\040\000K\000M\000\137\000S\000D\000I\000R\000\137\000R\000e\000s\000e\000t\000I\0002\000C\000\050\000\051}{subsection.4.27.3}% 270
\BOOKMARK [3][-]{subsubsection.4.27.3.8}{\376\377\0004\000.\0002\0007\000.\0003\000.\0008\000\040\000K\000M\000\137\000S\000D\000I\000R\000\137\000s\000e\000t\000C\000e\000n\000t\000e\000r\000O\000f\000f\000s\000e\000t\000\050\000\051}{subsection.4.27.3}% 271
\BOOKMARK [2][-]{subsection.4.27.4}{\376\377\0004\000.\0002\0007\000.\0004\000\040\000V\000a\000r\000i\000a\000b\000l\000e\000\040\000D\000o\000c\000u\000m\000e\000n\000t\000a\000t\000i\000o\000n}{section.4.27}% 272
\BOOKMARK [3][-]{subsubsection.4.27.4.1}{\376\377\0004\000.\0002\0007\000.\0004\000.\0001\000\040\000M\000A\000X\000\137\000R\000A\000D}{subsection.4.27.4}% 273
\BOOKMARK [1][-]{section.4.28}{\376\377\0004\000.\0002\0008\000\040\000k\000m\000\137\000s\000d\000i\000r\000.\000h}{chapter.4}% 274
\BOOKMARK [1][-]{section.4.29}{\376\377\0004\000.\0002\0009\000\040\000k\000m\000\137\000s\000t\000a\000.\000c\000\040\000F\000i\000l\000e\000\040\000R\000e\000f\000e\000r\000e\000n\000c\000e}{chapter.4}% 275
\BOOKMARK [1][-]{section.4.30}{\376\377\0004\000.\0003\0000\000\040\000k\000m\000\137\000s\000t\000a\000.\000c}{chapter.4}% 276
\BOOKMARK [1][-]{section.4.31}{\376\377\0004\000.\0003\0001\000\040\000k\000m\000\137\000s\000t\000a\000.\000h\000\040\000F\000i\000l\000e\000\040\000R\000e\000f\000e\000r\000e\000n\000c\000e}{chapter.4}% 277
\BOOKMARK [1][-]{section.4.32}{\376\377\0004\000.\0003\0002\000\040\000k\000m\000\137\000s\000t\000a\000.\000h}{chapter.4}% 278
\BOOKMARK [1][-]{section.4.33}{\376\377\0004\000.\0003\0003\000\040\000m\000a\000i\000n\000.\000c\000\040\000F\000i\000l\000e\000\040\000R\000e\000f\000e\000r\000e\000n\000c\000e}{chapter.4}% 279
\BOOKMARK [2][-]{subsection.4.33.1}{\376\377\0004\000.\0003\0003\000.\0001\000\040\000M\000a\000c\000r\000o\000\040\000D\000e\000f\000i\000n\000i\000t\000i\000o\000n\000\040\000D\000o\000c\000u\000m\000e\000n\000t\000a\000t\000i\000o\000n}{section.4.33}% 280
\BOOKMARK [3][-]{subsubsection.4.33.1.1}{\376\377\0004\000.\0003\0003\000.\0001\000.\0001\000\040\000M\000A\000X\000\137\000E\000R\000R\000O\000R\000\137\000C\000O\000U\000N\000T\000\137\000S\000D\000I\000R}{subsection.4.33.1}% 281
\BOOKMARK [2][-]{subsection.4.33.2}{\376\377\0004\000.\0003\0003\000.\0002\000\040\000F\000u\000n\000c\000t\000i\000o\000n\000\040\000D\000o\000c\000u\000m\000e\000n\000t\000a\000t\000i\000o\000n}{section.4.33}% 282
\BOOKMARK [3][-]{subsubsection.4.33.2.1}{\376\377\0004\000.\0003\0003\000.\0002\000.\0001\000\040\000a\000p\000p\000\137\000m\000a\000i\000n\000\050\000\051}{subsection.4.33.2}% 283
\BOOKMARK [3][-]{subsubsection.4.33.2.2}{\376\377\0004\000.\0003\0003\000.\0002\000.\0002\000\040\000s\000y\000s\000t\000e\000m\000\137\000i\000n\000i\000t\000\050\000\051}{subsection.4.33.2}% 284
\BOOKMARK [2][-]{subsection.4.33.3}{\376\377\0004\000.\0003\0003\000.\0003\000\040\000V\000a\000r\000i\000a\000b\000l\000e\000\040\000D\000o\000c\000u\000m\000e\000n\000t\000a\000t\000i\000o\000n}{section.4.33}% 285
\BOOKMARK [3][-]{subsubsection.4.33.3.1}{\376\377\0004\000.\0003\0003\000.\0003\000.\0001\000\040\000T\000A\000G}{subsection.4.33.3}% 286
\BOOKMARK [1][-]{section.4.34}{\376\377\0004\000.\0003\0004\000\040\000m\000a\000i\000n\000.\000c}{chapter.4}% 287
\BOOKMARK [0][-]{section*.67}{\376\377\000I\000n\000d\000e\000x}{}% 288
